[09:00:50] [Server thread/INFO]: Starting minecraft server version 1.12.2
[09:00:50] [Server thread/INFO]: Loading properties
[09:00:50] [Server thread/INFO]: Default game type: SURVIVAL
[09:00:50] [Server thread/INFO]: This server is running Paper version git-Paper-1620 (MC: 1.12.2) (Implementing API version 1.12.2-R0.1-SNAPSHOT)
[09:00:50] [Server thread/INFO]: Debug logging is disabled
[09:00:50] [Server thread/INFO]: Server Ping Player Sample Count: 12
[09:00:50] [Server thread/INFO]: Using 4 threads for Netty based IO
[09:00:50] [Server thread/INFO]: Generating keypair
[09:00:51] [Server thread/INFO]: Starting Minecraft server on *:25565
[09:00:51] [Server thread/INFO]: Using epoll channel type
[09:00:51] [Server thread/WARN]: **** SERVER IS RUNNING IN OFFLINE/INSECURE MODE!
[09:00:51] [Server thread/WARN]: The server will make no attempt to authenticate usernames. Beware.
[09:00:51] [Server thread/WARN]: While this makes the game possible to play without internet access, it also opens up the ability for hackers to connect with any username they choose.
[09:00:51] [Server thread/WARN]: To change this, set "online-mode" to "true" in the server.properties file.
[09:00:51] [Server thread/INFO]: **** Beginning UUID conversion, this may take A LONG time ****
[09:00:51] [Server thread/INFO]: Preparing level "world"
[09:00:51] [Server thread/INFO]: -------- World Settings For [world] --------
[09:00:51] [Server thread/INFO]: Entity Activation Range: An 32 / Mo 32 / Mi 16 / Tiv true
[09:00:51] [Server thread/INFO]: Entity Tracking Range: Pl 48 / An 48 / Mo 48 / Mi 32 / Other 64
[09:00:51] [Server thread/INFO]: Hopper Transfer: 8 Hopper Check: 1 Hopper Amount: 1
[09:00:51] [Server thread/INFO]: Random Lighting Updates: false
[09:00:51] [Server thread/INFO]: Mob Spawn Range: 4
[09:00:51] [Server thread/INFO]: Cactus Growth Modifier: 100%
[09:00:51] [Server thread/INFO]: Cane Growth Modifier: 100%
[09:00:51] [Server thread/INFO]: Melon Growth Modifier: 100%
[09:00:51] [Server thread/INFO]: Mushroom Growth Modifier: 100%
[09:00:51] [Server thread/INFO]: Pumpkin Growth Modifier: 100%
[09:00:51] [Server thread/INFO]: Sapling Growth Modifier: 100%
[09:00:51] [Server thread/INFO]: Wheat Growth Modifier: 100%
[09:00:51] [Server thread/INFO]: NetherWart Growth Modifier: 100%
[09:00:51] [Server thread/INFO]: Vine Growth Modifier: 100%
[09:00:51] [Server thread/INFO]: Cocoa Growth Modifier: 100%
[09:00:51] [Server thread/INFO]: Structure Info Saving: true
[09:00:51] [Server thread/INFO]: Custom Map Seeds:  Village: 10387312 Feature: 14357617 Monument: 10387313 Slime: 987234911
[09:00:51] [Server thread/INFO]: Max TNT Explosions: 100
[09:00:51] [Server thread/INFO]: Tile Max Tick Time: 50ms Entity max Tick Time: 50ms
[09:00:51] [Server thread/INFO]: Item Despawn Rate: 6000
[09:00:51] [Server thread/INFO]: Item Merge Radius: 2.5
[09:00:51] [Server thread/INFO]: View Distance: 5
[09:00:51] [Server thread/INFO]: Arrow Despawn Rate: 1200
[09:00:51] [Server thread/INFO]: Allow Zombie Pigmen to spawn from portal blocks: true
[09:00:51] [Server thread/INFO]: Experience Merge Radius: 3.0
[09:00:51] [Server thread/INFO]: Zombie Aggressive Towards Villager: true
[09:00:51] [Server thread/INFO]: Nerfing mobs spawned from spawners: false
[09:00:53] [Server thread/INFO]: -------- World Settings For [world_nether] --------
[09:00:53] [Server thread/INFO]: Entity Activation Range: An 32 / Mo 32 / Mi 16 / Tiv true
[09:00:53] [Server thread/INFO]: Entity Tracking Range: Pl 48 / An 48 / Mo 48 / Mi 32 / Other 64
[09:00:53] [Server thread/INFO]: Hopper Transfer: 8 Hopper Check: 1 Hopper Amount: 1
[09:00:53] [Server thread/INFO]: Random Lighting Updates: false
[09:00:53] [Server thread/INFO]: Mob Spawn Range: 4
[09:00:53] [Server thread/INFO]: Cactus Growth Modifier: 100%
[09:00:53] [Server thread/INFO]: Cane Growth Modifier: 100%
[09:00:53] [Server thread/INFO]: Melon Growth Modifier: 100%
[09:00:53] [Server thread/INFO]: Mushroom Growth Modifier: 100%
[09:00:53] [Server thread/INFO]: Pumpkin Growth Modifier: 100%
[09:00:53] [Server thread/INFO]: Sapling Growth Modifier: 100%
[09:00:53] [Server thread/INFO]: Wheat Growth Modifier: 100%
[09:00:53] [Server thread/INFO]: NetherWart Growth Modifier: 100%
[09:00:53] [Server thread/INFO]: Vine Growth Modifier: 100%
[09:00:53] [Server thread/INFO]: Cocoa Growth Modifier: 100%
[09:00:53] [Server thread/INFO]: Structure Info Saving: true
[09:00:53] [Server thread/INFO]: Custom Map Seeds:  Village: 10387312 Feature: 14357617 Monument: 10387313 Slime: 987234911
[09:00:53] [Server thread/INFO]: Max TNT Explosions: 100
[09:00:53] [Server thread/INFO]: Tile Max Tick Time: 50ms Entity max Tick Time: 50ms
[09:00:53] [Server thread/INFO]: Item Despawn Rate: 6000
[09:00:53] [Server thread/INFO]: Item Merge Radius: 2.5
[09:00:53] [Server thread/INFO]: View Distance: 5
[09:00:53] [Server thread/INFO]: Arrow Despawn Rate: 1200
[09:00:53] [Server thread/INFO]: Allow Zombie Pigmen to spawn from portal blocks: true
[09:00:53] [Server thread/INFO]: Experience Merge Radius: 3.0
[09:00:53] [Server thread/INFO]: Zombie Aggressive Towards Villager: true
[09:00:53] [Server thread/INFO]: Nerfing mobs spawned from spawners: false
[09:00:54] [Server thread/INFO]: -------- World Settings For [world_the_end] --------
[09:00:54] [Server thread/INFO]: Entity Activation Range: An 32 / Mo 32 / Mi 16 / Tiv true
[09:00:54] [Server thread/INFO]: Entity Tracking Range: Pl 48 / An 48 / Mo 48 / Mi 32 / Other 64
[09:00:54] [Server thread/INFO]: Hopper Transfer: 8 Hopper Check: 1 Hopper Amount: 1
[09:00:54] [Server thread/INFO]: Random Lighting Updates: false
[09:00:54] [Server thread/INFO]: Mob Spawn Range: 4
[09:00:54] [Server thread/INFO]: Cactus Growth Modifier: 100%
[09:00:54] [Server thread/INFO]: Cane Growth Modifier: 100%
[09:00:54] [Server thread/INFO]: Melon Growth Modifier: 100%
[09:00:54] [Server thread/INFO]: Mushroom Growth Modifier: 100%
[09:00:54] [Server thread/INFO]: Pumpkin Growth Modifier: 100%
[09:00:54] [Server thread/INFO]: Sapling Growth Modifier: 100%
[09:00:54] [Server thread/INFO]: Wheat Growth Modifier: 100%
[09:00:54] [Server thread/INFO]: NetherWart Growth Modifier: 100%
[09:00:54] [Server thread/INFO]: Vine Growth Modifier: 100%
[09:00:54] [Server thread/INFO]: Cocoa Growth Modifier: 100%
[09:00:54] [Server thread/INFO]: Structure Info Saving: true
[09:00:54] [Server thread/INFO]: Custom Map Seeds:  Village: 10387312 Feature: 14357617 Monument: 10387313 Slime: 987234911
[09:00:54] [Server thread/INFO]: Max TNT Explosions: 100
[09:00:54] [Server thread/INFO]: Tile Max Tick Time: 50ms Entity max Tick Time: 50ms
[09:00:54] [Server thread/INFO]: Item Despawn Rate: 6000
[09:00:54] [Server thread/INFO]: Item Merge Radius: 2.5
[09:00:54] [Server thread/INFO]: View Distance: 5
[09:00:54] [Server thread/INFO]: Arrow Despawn Rate: 1200
[09:00:54] [Server thread/INFO]: Allow Zombie Pigmen to spawn from portal blocks: true
[09:00:54] [Server thread/INFO]: Experience Merge Radius: 3.0
[09:00:54] [Server thread/INFO]: Zombie Aggressive Towards Villager: true
[09:00:54] [Server thread/INFO]: Nerfing mobs spawned from spawners: false
[09:00:54] [Server thread/INFO]: Preparing start region for level 0 (Seed: -6824122417304251602)
[09:00:55] [Server thread/INFO]: Preparing spawn area: 3%
[09:00:56] [Server thread/INFO]: Preparing spawn area: 6%
[09:00:57] [Server thread/INFO]: Preparing spawn area: 8%
[09:00:58] [Server thread/INFO]: Preparing spawn area: 14%
[09:00:59] [Server thread/INFO]: Preparing start region for level 1 (Seed: -6824122417304251602)
[09:01:00] [Server thread/INFO]: Preparing spawn area: 7%
[09:01:01] [Server thread/INFO]: Preparing spawn area: 14%
[09:01:01] [Server thread/INFO]: Preparing start region for level 2 (Seed: -6824122417304251602)
[09:01:02] [Server thread/INFO]: Preparing spawn area: 18%
[09:01:03] [Server thread/INFO]: Done (11.239s)! For help, type "help" or "?"
[09:01:03] [Server thread/INFO]: Timings Reset
